app/build/outputs/logs/manifest-merger-debug-report.txt
-- Merging decision tree log ---
manifest
ADDED from src\main\AndroidManifest.xml:2:1-43:12
	package
		ADDED from src\main\AndroidManifest.xml:3:5-34
		INJECTED from src\main\AndroidManifest.xml
		INJECTED from src\main\AndroidManifest.xml
	android:versionName
		ADDED from src\main\AndroidManifest.xml:5:5-30
		INJECTED from src\main\AndroidManifest.xml
		INJECTED from src\main\AndroidManifest.xml
	android:versionCode
		ADDED from src\main\AndroidManifest.xml:4:5-28
		INJECTED from src\main\AndroidManifest.xml
		INJECTED from src\main\AndroidManifest.xml
	xmlns:android
		ADDED from src\main\AndroidManifest.xml:2:11-69
	android:installLocation
		ADDED from src\main\AndroidManifest.xml:5:31-71
uses-sdk
ADDED from src\main\AndroidManifest.xml:7:5-9:67
MERGED from [com.android.support:support-v4:25.3.1] AndroidManifest.xml:21:5-23:54
MERGED from [com.android.support:support-fragment:25.3.1] AndroidManifest.xml:21:5-23:60
MERGED from [com.android.support:support-media-compat:25.3.1] AndroidManifest.xml:21:5-23:63
MERGED from [com.android.support:support-core-ui:25.3.1] AndroidManifest.xml:21:5-23:58
MERGED from [com.android.support:support-core-utils:25.3.1] AndroidManifest.xml:21:5-23:61
MERGED from [com.android.support:support-compat:25.3.1] AndroidManifest.xml:21:5-23:58
	tools:overrideLibrary
		ADDED from [com.android.support:support-v4:25.3.1] AndroidManifest.xml:23:9-51
	android:maxSdkVersion
		ADDED from src\main\AndroidManifest.xml:9:39-65
	android:targetSdkVersion
		ADDED from src\main\AndroidManifest.xml:9:9-38
		INJECTED from src\main\AndroidManifest.xml
		INJECTED from src\main\AndroidManifest.xml
	android:minSdkVersion
		ADDED from src\main\AndroidManifest.xml:8:9-34
		INJECTED from src\main\AndroidManifest.xml
		INJECTED from src\main\AndroidManifest.xml
application
ADDED from src\main\AndroidManifest.xml:11:5-41:19
MERGED from [com.android.support:support-v4:25.3.1] AndroidManifest.xml:29:5-20
MERGED from [com.android.support:support-fragment:25.3.1] AndroidManifest.xml:29:5-20
MERGED from [com.android.support:support-media-compat:25.3.1] AndroidManifest.xml:29:5-20
MERGED from [com.android.support:support-core-ui:25.3.1] AndroidManifest.xml:29:5-20
MERGED from [com.android.support:support-core-utils:25.3.1] AndroidManifest.xml:29:5-20
MERGED from [com.android.support:support-compat:25.3.1] AndroidManifest.xml:29:5-20
	android:label
		ADDED from src\main\AndroidManifest.xml:14:9-41
	android:allowBackup
		ADDED from src\main\AndroidManifest.xml:12:9-35
	android:icon
		ADDED from src\main\AndroidManifest.xml:13:9-42
	android:theme
		ADDED from src\main\AndroidManifest.xml:15:9-40
activity#com.mavi.bubblegame.SplashScreen
ADDED from src\main\AndroidManifest.xml:18:9-26:20
	android:screenOrientation
		ADDED from src\main\AndroidManifest.xml:20:46-83
	android:label
		ADDED from src\main\AndroidManifest.xml:20:13-45
	android:name
		ADDED from src\main\AndroidManifest.xml:19:13-60
intent-filter#android.intent.action.MAIN+android.intent.category.LAUNCHER
ADDED from src\main\AndroidManifest.xml:21:13-25:29
action#android.intent.action.MAIN
ADDED from src\main\AndroidManifest.xml:22:17-69
	android:name
		ADDED from src\main\AndroidManifest.xml:22:25-66
category#android.intent.category.LAUNCHER
ADDED from src\main\AndroidManifest.xml:24:17-77
	android:name
		ADDED from src\main\AndroidManifest.xml:24:27-74
activity#com.mavi.bubblegame.Game_intro
ADDED from src\main\AndroidManifest.xml:27:9-34:20
	android:screenOrientation
		ADDED from src\main\AndroidManifest.xml:28:59-96
	android:name
		ADDED from src\main\AndroidManifest.xml:28:13-58
intent-filter#android.intent.category.DEFAULT+com.mavi.CLEARSCREEN
ADDED from src\main\AndroidManifest.xml:29:13-33:29
action#com.mavi.CLEARSCREEN
ADDED from src\main\AndroidManifest.xml:30:17-63
	android:name
		ADDED from src\main\AndroidManifest.xml:30:25-60
category#android.intent.category.DEFAULT
ADDED from src\main\AndroidManifest.xml:32:17-76
	android:name
		ADDED from src\main\AndroidManifest.xml:32:27-73
activity#com.mavi.bubblegame.Ball
ADDED from src\main\AndroidManifest.xml:35:9-108
	android:screenOrientation
		ADDED from src\main\AndroidManifest.xml:35:59-96
	android:name
		ADDED from src\main\AndroidManifest.xml:35:19-58
activity#com.mavi.bubblegame.HighScore
ADDED from src\main\AndroidManifest.xml:36:9-113
	android:screenOrientation
		ADDED from src\main\AndroidManifest.xml:36:64-101
	android:name
		ADDED from src\main\AndroidManifest.xml:36:19-63
activity#com.mavi.bubblegame.SettingGame
ADDED from src\main\AndroidManifest.xml:37:9-115
	android:screenOrientation
		ADDED from src\main\AndroidManifest.xml:37:66-103
	android:name
		ADDED from src\main\AndroidManifest.xml:37:19-65
activity#com.mavi.bubblegame.AboutApp
ADDED from src\main\AndroidManifest.xml:38:9-112
	android:screenOrientation
		ADDED from src\main\AndroidManifest.xml:38:63-100
	android:name
		ADDED from src\main\AndroidManifest.xml:38:19-62
activity#com.mavi.bubblegame.SetSound
ADDED from src\main\AndroidManifest.xml:39:9-54
	android:name
		ADDED from src\main\AndroidManifest.xml:39:19-42
activity#com.mavi.bubblegame.SetSpeed
ADDED from src\main\AndroidManifest.xml:40:9-54
	android:name
		ADDED from src\main\AndroidManifest.xml:40:19-42
meta-data#android.support.VERSION
ADDED from [com.android.support:support-v4:25.3.1] AndroidManifest.xml:25:5-27:34
MERGED from [com.android.support:support-fragment:25.3.1] AndroidManifest.xml:25:5-27:34
MERGED from [com.android.support:support-media-compat:25.3.1] AndroidManifest.xml:25:5-27:34
MERGED from [com.android.support:support-core-ui:25.3.1] AndroidManifest.xml:25:5-27:34
MERGED from [com.android.support:support-core-utils:25.3.1] AndroidManifest.xml:25:5-27:34
MERGED from [com.android.support:support-compat:25.3.1] AndroidManifest.xml:25:5-27:34
	android:value
		ADDED from [com.android.support:support-v4:25.3.1] AndroidManifest.xml:27:9-31
	android:name
		ADDED from [com.android.support:support-v4:25.3.1] AndroidManifest.xml:26:9-47